app/build/intermediates/manifest_merge_blame_file/release/manifest-merger-blame-release-report.txt
1<?xml version="1.0" encoding="utf-8"?>
2<manifest xmlns:android="http://schemas.android.com/apk/res/android"
3    package="br.radio.DigitalWeb"
4    android:versionCode="39"
5    android:versionName="1.3.0" >
6
7    <uses-sdk
8        android:minSdkVersion="14"
8-->src\main\AndroidManifest.xml
9        android:targetSdkVersion="30" />
9-->src\main\AndroidManifest.xml
10
11    <uses-permission android:name="android.permission.INTERNET" />
11-->src\main\AndroidManifest.xml:6:5-67
11-->src\main\AndroidManifest.xml:6:22-64
12    <uses-permission android:name="android.permission.ACCESS_NETWORK_STATE" />
12-->src\main\AndroidManifest.xml:7:5-79
12-->src\main\AndroidManifest.xml:7:22-76
13    <uses-permission android:name="android.permission.WAKE_LOCK" />
13-->src\main\AndroidManifest.xml:8:5-68
13-->src\main\AndroidManifest.xml:8:22-65
14    <uses-permission android:name="android.permission.FOREGROUND_SERVICE" />
14-->src\main\AndroidManifest.xml:9:5-77
14-->src\main\AndroidManifest.xml:9:22-74
15
16    <application
16-->src\main\AndroidManifest.xml:11:5-117:19
17        android:name="android.support.multidex.MultiDexApplication"
17-->src\main\AndroidManifest.xml:12:9-68
18        android:appComponentFactory="whateverString"
18-->src\main\AndroidManifest.xml:13:9-53
19        android:icon="@mipmap/ic_launcher"
19-->src\main\AndroidManifest.xml:14:9-43
20        android:label="@string/app_name"
20-->src\main\AndroidManifest.xml:15:9-41
21        android:usesCleartextTraffic="true" >
21-->src\main\AndroidManifest.xml:16:9-44
22        <activity
22-->src\main\AndroidManifest.xml:21:9-35:20
23            android:name="br.radio.DigitalWeb.Activitys.MainActivityPrincipal"
23-->src\main\AndroidManifest.xml:22:13-79
24            android:label="@string/title_activity_main_principal"
24-->src\main\AndroidManifest.xml:23:13-66
25            android:launchMode="singleTop"
25-->src\main\AndroidManifest.xml:25:13-43
26            android:noHistory="true"
26-->src\main\AndroidManifest.xml:26:13-37
27            android:screenOrientation="portrait"
27-->src\main\AndroidManifest.xml:24:13-49
28            android:theme="@style/AppTheme.NoActionBar" >
28-->src\main\AndroidManifest.xml:27:13-56
29
30            <!-- android:configChanges="orientation|keyboardHidden|screenSize">  Atenção isso impede que o Oncreate seja chamado oa girar a tela -->
31            <intent-filter>
31-->src\main\AndroidManifest.xml:30:13-34:29
32                <action android:name="android.intent.action.MAIN" />
32-->src\main\AndroidManifest.xml:31:17-69
32-->src\main\AndroidManifest.xml:31:25-66
33
34                <category android:name="android.intent.category.LAUNCHER" />
34-->src\main\AndroidManifest.xml:33:17-77
34-->src\main\AndroidManifest.xml:33:27-74
35            </intent-filter>
36        </activity>
37        <activity
37-->src\main\AndroidManifest.xml:37:9-41:20
38            android:name="br.radio.DigitalWeb.Activitys.ProgramacaoActivity"
38-->src\main\AndroidManifest.xml:37:19-64
39            android:label="@string/title_activity_main_principal"
39-->src\main\AndroidManifest.xml:38:13-66
40            android:screenOrientation="portrait"
40-->src\main\AndroidManifest.xml:39:13-49
41            android:theme="@style/AppTheme" >
41-->src\main\AndroidManifest.xml:40:13-44
42        </activity>
43        <activity
43-->src\main\AndroidManifest.xml:43:9-50:20
44            android:name="br.radio.DigitalWeb.Activitys.ActivityCustonDialogTemporizador"
44-->src\main\AndroidManifest.xml:44:13-71
45            android:label="@string/title_activity_main_principal"
45-->src\main\AndroidManifest.xml:45:13-66
46            android:launchMode="singleTop"
46-->src\main\AndroidManifest.xml:47:13-43
47            android:screenOrientation="portrait"
47-->src\main\AndroidManifest.xml:46:13-49
48            android:theme="@style/AppTheme" >
48-->src\main\AndroidManifest.xml:48:13-44
49        </activity>
50        <activity
50-->src\main\AndroidManifest.xml:52:9-59:20
51            android:name="br.radio.DigitalWeb.Activitys.ActivityPedidos"
51-->src\main\AndroidManifest.xml:53:13-54
52            android:label="@string/title_activity_main_principal"
52-->src\main\AndroidManifest.xml:54:13-66
53            android:launchMode="singleTop"
53-->src\main\AndroidManifest.xml:56:13-43
54            android:screenOrientation="portrait"
54-->src\main\AndroidManifest.xml:55:13-49
55            android:theme="@style/AppTheme" >
55-->src\main\AndroidManifest.xml:57:13-44
56        </activity>
57        <activity
57-->src\main\AndroidManifest.xml:61:9-68:20
58            android:name="br.radio.DigitalWeb.Activitys.ActivityHistorico"
58-->src\main\AndroidManifest.xml:62:13-56
59            android:label="@string/title_activity_main_principal"
59-->src\main\AndroidManifest.xml:63:13-66
60            android:launchMode="singleTop"
60-->src\main\AndroidManifest.xml:65:13-43
61            android:screenOrientation="portrait"
61-->src\main\AndroidManifest.xml:64:13-49
62            android:theme="@style/AppTheme" >
62-->src\main\AndroidManifest.xml:66:13-44
63        </activity>
64
65        <service
65-->src\main\AndroidManifest.xml:70:9-80:19
66            android:name="br.radio.DigitalWeb.Services.PlayerService"
66-->src\main\AndroidManifest.xml:71:13-70
67            android:exported="false"
67-->src\main\AndroidManifest.xml:72:13-37
68            android:label="PlayerService"
68-->src\main\AndroidManifest.xml:73:13-42
69            android:stopWithTask="false" >
69-->src\main\AndroidManifest.xml:74:13-41
70            <intent-filter>
70-->src\main\AndroidManifest.xml:75:13-79:29
71                <category android:name="android.intent.category.DEFAULT" />
71-->src\main\AndroidManifest.xml:76:17-76
71-->src\main\AndroidManifest.xml:76:27-73
72
73                <action android:name="PLAYER_SERVICE" />
73-->src\main\AndroidManifest.xml:78:17-57
73-->src\main\AndroidManifest.xml:78:25-54
74            </intent-filter>
75        </service>
76        <service
76-->src\main\AndroidManifest.xml:81:9-85:44
77            android:name="br.radio.DigitalWeb.Services.SleepTimerService"
77-->src\main\AndroidManifest.xml:82:13-74
78            android:exported="false"
78-->src\main\AndroidManifest.xml:83:13-37
79            android:label="SleepTimerService"
79-->src\main\AndroidManifest.xml:84:13-46
80            android:stopWithTask="false" />
80-->src\main\AndroidManifest.xml:85:13-41
81
82        <receiver android:name="android.support.v4.media.session.MediaButtonReceiver" >
82-->src\main\AndroidManifest.xml:87:9-91:20
82-->src\main\AndroidManifest.xml:87:19-86
83            <intent-filter>
83-->src\main\AndroidManifest.xml:88:13-90:29
84                <action android:name="android.intent.action.MEDIA_BUTTON" />
84-->src\main\AndroidManifest.xml:89:17-77
84-->src\main\AndroidManifest.xml:89:25-74
85            </intent-filter>
86        </receiver>
87        <receiver android:name="br.radio.DigitalWeb.BroadcastReceiver.MyRadioNotificationBroadcastReceiver" >
87-->src\main\AndroidManifest.xml:92:9-97:20
87-->src\main\AndroidManifest.xml:92:19-108
88            <intent-filter>
88-->src\main\AndroidManifest.xml:93:13-96:29
89                <action android:name="NOTIFY_FECHAR2" />
89-->src\main\AndroidManifest.xml:94:17-57
89-->src\main\AndroidManifest.xml:94:25-54
90                <action android:name="NOTIFY_PLAYPAUSE2" />
90-->src\main\AndroidManifest.xml:95:17-60
90-->src\main\AndroidManifest.xml:95:25-57
91            </intent-filter>
92        </receiver>
93        <receiver android:name="br.radio.DigitalWeb.BroadcastReceiver.BroadcastReceiverPlayPause" />
93-->src\main\AndroidManifest.xml:98:9-101
93-->src\main\AndroidManifest.xml:98:19-98
94        <receiver android:name="br.radio.DigitalWeb.BroadcastReceiver.BroadcastReceiverSair" />
94-->src\main\AndroidManifest.xml:99:9-96
94-->src\main\AndroidManifest.xml:99:19-93
95        <!--
96 ATTENTION: This was auto-generated to add Google Play services to your project for
97     App Indexing.  See https://g.co/AppIndexing/AndroidStudio for more information.
98
99        <meta-data
100            android:name="com.google.firebase.messaging.default_notification_icon"
101            android:resource="@drawable/icone" />
102        -->
103        <!--
104             Set color used with incoming notification messages. This is used when no color is set for the incoming
105             notification message. See README(https://goo.gl/6BKBk7) for more.
106        -->
107        <!--
108        <meta-data
109            android:name="com.google.firebase.messaging.default_notification_color"
110            android:resource="@color/colorAccent" />
111        -->
112        <activity
112-->[com.google.android.gms:play-services-base:16.0.1] AndroidManifest.xml:23:9-26:75
113            android:name="com.google.android.gms.common.api.GoogleApiActivity"
113-->[com.google.android.gms:play-services-base:16.0.1] AndroidManifest.xml:24:13-79
114            android:exported="false"
114-->[com.google.android.gms:play-services-base:16.0.1] AndroidManifest.xml:25:13-37
115            android:theme="@android:style/Theme.Translucent.NoTitleBar" />
115-->[com.google.android.gms:play-services-base:16.0.1] AndroidManifest.xml:26:13-72
116
117        <provider
117-->[com.google.firebase:firebase-common:16.0.3] AndroidManifest.xml:10:9-14:39
118            android:name="com.google.firebase.provider.FirebaseInitProvider"
118-->[com.google.firebase:firebase-common:16.0.3] AndroidManifest.xml:11:13-77
119            android:authorities="br.radio.DigitalWeb.firebaseinitprovider"
119-->[com.google.firebase:firebase-common:16.0.3] AndroidManifest.xml:12:13-72
120            android:exported="false"
120-->[com.google.firebase:firebase-common:16.0.3] AndroidManifest.xml:13:13-37
121            android:initOrder="100" />
121-->[com.google.firebase:firebase-common:16.0.3] AndroidManifest.xml:14:13-36
122
123        <meta-data
123-->[com.google.android.gms:play-services-basement:16.0.1] AndroidManifest.xml:23:9-25:69
124            android:name="com.google.android.gms.version"
124-->[com.google.android.gms:play-services-basement:16.0.1] AndroidManifest.xml:24:13-58
125            android:value="@integer/google_play_services_version" />
125-->[com.google.android.gms:play-services-basement:16.0.1] AndroidManifest.xml:25:13-66
126        <meta-data
126-->[com.android.support:support-v4:26.1.0] AndroidManifest.xml:26:9-28:38
127            android:name="android.support.VERSION"
127-->[com.android.support:support-v4:26.1.0] AndroidManifest.xml:27:13-51
128            android:value="26.1.0" />
128-->[com.android.support:support-v4:26.1.0] AndroidManifest.xml:28:13-35
129    </application>
130
131</manifest>